<?xml version="1.0" encoding="UTF-8"?>
<testsuite name="org.generation.app.service.impl.UserDtoServiceImplTest" tests="1" skipped="0" failures="0" errors="0" timestamp="2024-01-18T06:42:25" hostname="T3554" time="0.063">
  <properties/>
  <testcase name="createCustomerTest()" classname="org.generation.app.service.impl.UserDtoServiceImplTest" time="0.063"/>
  <system-out><![CDATA[]]></system-out>
  <system-err><![CDATA[]]></system-err>
</testsuite>
