<?xml version="1.0" encoding="UTF-8"?>
<testsuite name="org.generation.app.service.impl.CustomerServiceImplTest" tests="2" skipped="0" failures="0" errors="0" timestamp="2024-01-18T06:42:24" hostname="T3554" time="0.466">
  <properties/>
  <testcase name="createUserTest()" classname="org.generation.app.service.impl.CustomerServiceImplTest" time="0.454"/>
  <testcase name="getUserByIdTest()" classname="org.generation.app.service.impl.CustomerServiceImplTest" time="0.008"/>
  <system-out><![CDATA[]]></system-out>
  <system-err><![CDATA[]]></system-err>
</testsuite>
