<?xml version="1.0" encoding="UTF-8"?>
<testsuite name="org.generation.app.service.impl.CustomerServiceImplTest" tests="2" skipped="0" failures="0" errors="0" timestamp="2024-01-17T23:29:46" hostname="T3554" time="1.625">
  <properties/>
  <testcase name="createUserTest()" classname="org.generation.app.service.impl.CustomerServiceImplTest" time="1.536"/>
  <testcase name="getUserByIdTest()" classname="org.generation.app.service.impl.CustomerServiceImplTest" time="0.052"/>
  <system-out><![CDATA[]]></system-out>
  <system-err><![CDATA[]]></system-err>
</testsuite>
