<?xml version="1.0" encoding="UTF-8"?>
<testsuite name="org.generation.app.Sp3EcommerceApplicationTests" tests="1" skipped="0" failures="0" errors="0" timestamp="2024-01-18T06:42:24" hostname="T3554" time="0.705">
  <properties/>
  <testcase name="contextLoads()" classname="org.generation.app.Sp3EcommerceApplicationTests" time="0.705"/>
  <system-out><![CDATA[00:42:17.228 [Test worker] INFO org.springframework.test.context.support.AnnotationConfigContextLoaderUtils -- Could not detect default configuration classes for test class [org.generation.app.Sp3EcommerceApplicationTests]: Sp3EcommerceApplicationTests does not declare any static, non-private, non-final, nested classes annotated with @Configuration.
00:42:17.397 [Test worker] INFO org.springframework.boot.test.context.SpringBootTestContextBootstrapper -- Found @SpringBootConfiguration org.generation.app.Sp3EcommerceApplication for test class org.generation.app.Sp3EcommerceApplicationTests

  .   ____          _            __ _ _
 /\\ / ___'_ __ _ _(_)_ __  __ _ \ \ \ \
( ( )\___ | '_ | '_| | '_ \/ _` | \ \ \ \
 \\/  ___)| |_)| | | | | || (_| |  ) ) ) )
  '  |____| .__|_| |_|_| |_\__, | / / / /
 =========|_|==============|___/=/_/_/_/
 :: Spring Boot ::                (v3.2.1)

2024-01-18T00:42:17.969-06:00  WARN 14984 --- [    Test worker] ory$DuplicateJsonObjectContextCustomizer : 

Found multiple occurrences of org.json.JSONObject on the class path:

	jar:file:/C:/Users/smanu/.gradle/caches/modules-2/files-2.1/org.json/json/20231013/e22e0c040fe16f04ffdb85d851d77b07fc05ea52/json-20231013.jar!/org/json/JSONObject.class
	jar:file:/C:/Users/smanu/.gradle/caches/modules-2/files-2.1/com.vaadin.external.google/android-json/0.0.20131108.vaadin1/fa26d351fe62a6a17f5cda1287c1c6110dec413f/android-json-0.0.20131108.vaadin1.jar!/org/json/JSONObject.class

You may wish to exclude one of them to ensure predictable runtime behavior

2024-01-18T00:42:17.985-06:00  INFO 14984 --- [    Test worker] o.g.app.Sp3EcommerceApplicationTests     : Starting Sp3EcommerceApplicationTests using Java 17.0.8 with PID 14984 (started by TuX3 in C:\generation\ch34\sesiones\java\eclipse\sp3_ecommerce)
2024-01-18T00:42:17.986-06:00  INFO 14984 --- [    Test worker] o.g.app.Sp3EcommerceApplicationTests     : The following 1 profile is active: "${PROFILE}"
2024-01-18T00:42:19.111-06:00  INFO 14984 --- [    Test worker] .s.d.r.c.RepositoryConfigurationDelegate : Bootstrapping Spring Data JPA repositories in DEFAULT mode.
2024-01-18T00:42:19.231-06:00  INFO 14984 --- [    Test worker] .s.d.r.c.RepositoryConfigurationDelegate : Finished Spring Data repository scanning in 106 ms. Found 5 JPA repository interfaces.
2024-01-18T00:42:19.949-06:00  INFO 14984 --- [    Test worker] com.zaxxer.hikari.HikariDataSource       : HikariPool-1 - Starting...
2024-01-18T00:42:20.243-06:00  INFO 14984 --- [    Test worker] com.zaxxer.hikari.pool.HikariPool        : HikariPool-1 - Added connection conn0: url=jdbc:h2:mem:686f8ddb-b450-4256-aed1-f6f6102e2a32 user=SA
2024-01-18T00:42:20.245-06:00  INFO 14984 --- [    Test worker] com.zaxxer.hikari.HikariDataSource       : HikariPool-1 - Start completed.
2024-01-18T00:42:20.309-06:00  INFO 14984 --- [    Test worker] o.hibernate.jpa.internal.util.LogHelper  : HHH000204: Processing PersistenceUnitInfo [name: default]
2024-01-18T00:42:20.423-06:00  INFO 14984 --- [    Test worker] org.hibernate.Version                    : HHH000412: Hibernate ORM core version 6.4.1.Final
2024-01-18T00:42:20.478-06:00  INFO 14984 --- [    Test worker] o.h.c.internal.RegionFactoryInitiator    : HHH000026: Second-level cache disabled
2024-01-18T00:42:20.746-06:00  INFO 14984 --- [    Test worker] o.s.o.j.p.SpringPersistenceUnitInfo      : No LoadTimeWeaver setup: ignoring JPA class transformer
2024-01-18T00:42:21.932-06:00  INFO 14984 --- [    Test worker] o.h.e.t.j.p.i.JtaPlatformInitiator       : HHH000489: No JTA platform available (set 'hibernate.transaction.jta.platform' to enable JTA platform integration)
2024-01-18T00:42:21.949-06:00 DEBUG 14984 --- [    Test worker] org.hibernate.SQL                        : 
    drop table if exists order_has_product cascade 
2024-01-18T00:42:21.953-06:00 DEBUG 14984 --- [    Test worker] org.hibernate.SQL                        : 
    drop table if exists product_order cascade 
2024-01-18T00:42:21.953-06:00 DEBUG 14984 --- [    Test worker] org.hibernate.SQL                        : 
    drop table if exists productos cascade 
2024-01-18T00:42:21.953-06:00 DEBUG 14984 --- [    Test worker] org.hibernate.SQL                        : 
    drop table if exists role cascade 
2024-01-18T00:42:21.953-06:00 DEBUG 14984 --- [    Test worker] org.hibernate.SQL                        : 
    drop table if exists usuarios cascade 
2024-01-18T00:42:21.958-06:00 DEBUG 14984 --- [    Test worker] org.hibernate.SQL                        : 
    create table order_has_product (
        quantity integer,
        order_id bigint not null,
        product_id bigint not null,
        primary key (order_id, product_id)
    )
2024-01-18T00:42:21.963-06:00 DEBUG 14984 --- [    Test worker] org.hibernate.SQL                        : 
    create table product_order (
        monto_total float(53),
        fecha_compra timestamp(6),
        fk_user_id bigint not null,
        id bigint generated by default as identity,
        primary key (id)
    )
2024-01-18T00:42:21.968-06:00 DEBUG 14984 --- [    Test worker] org.hibernate.SQL                        : 
    create table productos (
        activo boolean,
        precio float(53),
        id bigint generated by default as identity,
        nombre varchar(70) not null,
        "url-image" varchar(100),
        description varchar(150) not null,
        primary key (id)
    )
2024-01-18T00:42:21.970-06:00 DEBUG 14984 --- [    Test worker] org.hibernate.SQL                        : 
    create table role (
        id_rol bigint generated by default as identity,
        descripcion varchar(70),
        nombre_rol varchar(70) not null,
        primary key (id_rol)
    )
2024-01-18T00:42:21.973-06:00 DEBUG 14984 --- [    Test worker] org.hibernate.SQL                        : 
    create table usuarios (
        activo boolean,
        fecha_nacimiento timestamp(6),
        fk_role bigint not null,
        id bigint generated by default as identity,
        apellido varchar(70) not null,
        nombre varchar(70) not null,
        email varchar(100) not null unique,
        password varchar(150) not null,
        primary key (id)
    )
2024-01-18T00:42:21.976-06:00 DEBUG 14984 --- [    Test worker] org.hibernate.SQL                        : 
    alter table if exists order_has_product 
       add constraint FKb2ameb29ljo9v6lio7hfyb78e 
       foreign key (order_id) 
       references product_order
2024-01-18T00:42:21.989-06:00 DEBUG 14984 --- [    Test worker] org.hibernate.SQL                        : 
    alter table if exists order_has_product 
       add constraint FKihkcew7yf7k4lfrbyyuu1ma6p 
       foreign key (product_id) 
       references productos
2024-01-18T00:42:21.990-06:00 DEBUG 14984 --- [    Test worker] org.hibernate.SQL                        : 
    alter table if exists product_order 
       add constraint FK1lyaxdk4dopw38wma862eytrq 
       foreign key (fk_user_id) 
       references usuarios
2024-01-18T00:42:21.992-06:00 DEBUG 14984 --- [    Test worker] org.hibernate.SQL                        : 
    alter table if exists usuarios 
       add constraint FKlf6uycoq9td3bgl4lj8rpajma 
       foreign key (fk_role) 
       references role
2024-01-18T00:42:21.998-06:00  INFO 14984 --- [    Test worker] j.LocalContainerEntityManagerFactoryBean : Initialized JPA EntityManagerFactory for persistence unit 'default'
2024-01-18T00:42:22.812-06:00  WARN 14984 --- [    Test worker] JpaBaseConfiguration$JpaWebConfiguration : spring.jpa.open-in-view is enabled by default. Therefore, database queries may be performed during view rendering. Explicitly configure spring.jpa.open-in-view to disable this warning
2024-01-18T00:42:23.021-06:00  INFO 14984 --- [    Test worker] o.s.b.a.w.s.WelcomePageHandlerMapping    : Adding welcome page: class path resource [static/index.html]
2024-01-18T00:42:23.450-06:00  INFO 14984 --- [    Test worker] o.s.s.web.DefaultSecurityFilterChain     : Will secure any request with [org.springframework.security.web.session.DisableEncodeUrlFilter@e594c46, org.springframework.security.web.context.request.async.WebAsyncManagerIntegrationFilter@1cd853ee, org.springframework.security.web.context.SecurityContextHolderFilter@1851f19f, org.springframework.security.web.header.HeaderWriterFilter@6bca6c4c, org.springframework.web.filter.CorsFilter@6b6bae60, org.springframework.security.web.authentication.logout.LogoutFilter@37806ccb, org.generation.app.security.jwt.JWTAuthorizationFilter@4b3b2a4f, org.generation.app.security.jwt.JWTAuthenticationFilter@22c14d10, org.springframework.security.web.authentication.www.BasicAuthenticationFilter@5578ed7e, org.springframework.security.web.savedrequest.RequestCacheAwareFilter@5cb3cfef, org.springframework.security.web.servletapi.SecurityContextHolderAwareRequestFilter@eb77241, org.springframework.security.web.authentication.AnonymousAuthenticationFilter@66be0e72, org.springframework.security.web.session.SessionManagementFilter@5dcec8e9, org.springframework.security.web.access.ExceptionTranslationFilter@509e0253, org.springframework.security.web.access.intercept.AuthorizationFilter@106c3e0a]
2024-01-18T00:42:23.984-06:00  INFO 14984 --- [    Test worker] o.g.app.Sp3EcommerceApplicationTests     : Started Sp3EcommerceApplicationTests in 6.326 seconds (process running for 7.923)
]]></system-out>
  <system-err><![CDATA[]]></system-err>
</testsuite>
